<?xml version="1.0" encoding="UTF-8"?>
<!-- Generated by org.testng.reporters.JUnitReportReporter -->
<testsuite skipped="0" hostname="LAPTOP-IT30BRU5" name="Runners.Run" tests="1" failures="0" timestamp="2022-06-19T16:12:04 IST" time="0.157" errors="0">
  <testcase name="runScenario" time="0.157" classname="Runners.Run"/>
  <system-out/>
</testsuite> <!-- Runners.Run -->
